SF:lib\features\diary\widget\title_widget.dart
DA:5,1
DA:15,1
DA:17,1
DA:18,1
DA:19,1
DA:20,1
DA:21,1
DA:22,1
DA:23,1
DA:27,1
DA:28,1
LF:11
LH:11
end_of_record
SF:lib\generated\l10n.dart
DA:16,1
DA:20,0
DA:21,0
DA:28,1
DA:29,2
DA:30,0
DA:31,1
DA:32,1
DA:33,3
DA:34,1
DA:35,1
DA:42,0
DA:43,0
DA:44,0
DA:49,0
DA:50,0
DA:54,0
DA:55,0
DA:59,0
DA:64,0
DA:65,0
DA:69,0
DA:74,0
DA:75,0
DA:79,0
DA:85,1
DA:87,1
DA:93,1
DA:94,1
DA:95,1
DA:96,1
DA:97,0
DA:100,1
DA:101,2
DA:102,3
LF:35
LH:17
end_of_record
SF:lib\features\diary\widget\location_widget.dart
DA:6,0
DA:9,0
DA:11,0
DA:15,0
DA:16,0
DA:22,0
LF:6
LH:0
end_of_record
SF:lib\generated\intl\messages_all.dart
DA:22,3
DA:23,2
DA:26,1
DA:28,1
DA:29,1
DA:36,1
DA:37,1
DA:38,3
DA:39,0
DA:41,0
DA:43,2
DA:44,1
DA:45,3
DA:46,2
DA:47,1
DA:50,1
DA:52,1
DA:58,1
DA:60,1
DA:62,1
LF:20
LH:18
end_of_record
SF:lib\generated\intl\messages_en.dart
DA:16,3
DA:21,0
DA:24,2
DA:26,1
DA:27,1
DA:29,1
LF:6
LH:5
end_of_record
